<?xml version="1.0" encoding="UTF-8"?>
<!-- Generated by org.testng.reporters.JUnitReportReporter -->
<testsuite hostname="wca-s647039" failures="0" tests="1" name="OnlinerTest" time="12.301" errors="0" timestamp="2023-02-13T15:55:45 MSK" skipped="0">
  <testcase classname="OnlinerTest" name="onlinerTest" time="12.301"/>
  <system-out/>
</testsuite> <!-- OnlinerTest -->
