<?xml version="1.0" encoding="UTF-8"?>
<!-- Generated by org.testng.reporters.JUnitReportReporter -->
<testsuite hostname="wca-s647039" failures="0" tests="1" name="onliner.NavigationTest" time="8.342" errors="0" timestamp="2023-02-13T15:55:45 MSK" skipped="0">
  <testcase classname="onliner.NavigationTest" name="onlinerTest" time="8.342"/>
  <system-out/>
</testsuite> <!-- onliner.NavigationTest -->
